<?xml version="1.0" encoding="UTF-8"?>
<!-- Generated by org.testng.reporters.JUnitReportReporter -->
<testsuite hostname="LAPTOP-GHH1K5IK" name="com.testDemo.testCases.TC_LoginDDT_002" tests="1" failures="0" timestamp="18 May 2020 03:17:55 GMT" time="4.811" errors="0">
  <testcase name="loginDDT" time="4.811" classname="com.testDemo.testCases.TC_LoginDDT_002"/>
</testsuite> <!-- com.testDemo.testCases.TC_LoginDDT_002 -->
